<?xml version="1.0" encoding="UTF-8"?>
<testng-results ignored="0" total="1" passed="1" failed="0" skipped="0">
  <reporter-output>
  </reporter-output>
  <suite started-at="2020-06-28T13:15:14 IST" name="Suite" finished-at="2020-06-28T13:15:32 IST" duration-ms="17301">
    <groups>
    </groups>
    <test started-at="2020-06-28T13:15:14 IST" name="Test" finished-at="2020-06-28T13:15:32 IST" duration-ms="17301">
      <class name="Test_cases.AdvancedWebTable_page">
        <test-method is-config="true" signature="setUp()[pri:0, instance:Test_cases.AdvancedWebTable_page@d706f19]" started-at="2020-06-28T13:15:14 IST" name="setUp" finished-at="2020-06-28T13:15:22 IST" duration-ms="7364" status="PASS">
          <reporter-output>
          </reporter-output>
        </test-method> <!-- setUp -->
        <test-method signature="AdvancedWebTablepage()[pri:0, instance:Test_cases.AdvancedWebTable_page@d706f19]" started-at="2020-06-28T13:15:22 IST" name="AdvancedWebTablepage" finished-at="2020-06-28T13:15:28 IST" duration-ms="6161" status="PASS">
          <reporter-output>
          </reporter-output>
        </test-method> <!-- AdvancedWebTablepage -->
        <test-method is-config="true" signature="TearDown()[pri:0, instance:Test_cases.AdvancedWebTable_page@d706f19]" started-at="2020-06-28T13:15:28 IST" name="TearDown" finished-at="2020-06-28T13:15:32 IST" duration-ms="3724" status="PASS">
          <reporter-output>
          </reporter-output>
        </test-method> <!-- TearDown -->
      </class> <!-- Test_cases.AdvancedWebTable_page -->
    </test> <!-- Test -->
  </suite> <!-- Suite -->
</testng-results>
